Exporter version: 3.3.1, Blender version: 3.3.1
========= Conversion from Blender to Babylon.js =========
	Scene settings used :
		Inline textures     :  false
		Material Type       :  PBR
		Positions Precision :  4
		Normals Precision   :  3
		UVs Precision       :  3
		Vert Color Precision:  3
		Mat Weight Precision:  2
		Keep Z-up r-handed  :  no
		Texture directory   :  C:\Users\David.Fenkhuber\Combeenation\Combeenation - Customers\Garagenrampe\1. URBAN Gartenhütte\5. Project\2. Development\3D-Babylon\spike\garagenrampe\
	Python World class constructor completed
	WARNING: No active camera has been assigned, or is not in a currently enabled collection
	processing begun of mesh:  Cube
		processing begun of material:  Material
			processing texture checker
		num positions      :  29
		num normals        :  29
		num tangents       :  0
		num uvs            :  58
		num uvs2           :  0
		num colors         :  0
		num triangles      :  12
	processing begun of mesh:  oneY
		processing begun of material:  Material
		registered as also a user of material:  Material
		num positions      :  29
		num normals        :  29
		num tangents       :  0
		num uvs            :  58
		num uvs2           :  0
		num colors         :  0
		num triangles      :  12
	processing begun of mesh:  oneX
		processing begun of material:  Material
		registered as also a user of material:  Material
		num positions      :  29
		num normals        :  29
		num tangents       :  0
		num uvs            :  58
		num uvs2           :  0
		num colors         :  0
		num triangles      :  12
	processing begun of mesh:  twoX
		processing begun of material:  Material
		registered as also a user of material:  Material
		num positions      :  29
		num normals        :  29
		num tangents       :  0
		num uvs            :  58
		num uvs2           :  0
		num colors         :  0
		num triangles      :  12
	processing begun of mesh:  twoY
		processing begun of material:  Material
		registered as also a user of material:  Material
		num positions      :  29
		num normals        :  29
		num tangents       :  0
		num uvs            :  58
		num uvs2           :  0
		num colors         :  0
		num triangles      :  12
========= Writing of JSON file started =========
	writing mesh:  Cube
	writing mesh:  oneY
	writing mesh:  oneX
	writing mesh:  twoX
	writing mesh:  twoY
========= Writing of JSON file completed =========
========= end of processing =========
elapsed time:  0 min, 0.016 secs
